<?xml version="1.0" encoding="UTF-8"?>
<testsuite xmlns:xsi="http://www.w3.org/2001/XMLSchema-instance" xsi:noNamespaceSchemaLocation="https://maven.apache.org/surefire/maven-surefire-plugin/xsd/surefire-test-report-3.0.xsd" version="3.0" name="com.example.graphapp.bridge.FindBridgeTest" time="0.079" tests="8" errors="0" skipped="0" failures="0">
  <properties>
[...]
</properties>
  <testcase name="tc4_startMissing" classname="com.example.graphapp.bridge.FindBridgeTest" time="0.039">
    <system-out><![CDATA[No x or c in the graph!
]]></system-out>
  </testcase>
  <testcase name="tc5_endMissing" classname="com.example.graphapp.bridge.FindBridgeTest" time="0.001">
    <system-out><![CDATA[No a or y in the graph!
]]></system-out>
  </testcase>
  <testcase name="tc3_noBridge" classname="com.example.graphapp.bridge.FindBridgeTest" time="0.002">
    <system-out><![CDATA[No bridge words from b to a!
]]></system-out>
  </testcase>
  <testcase name="tc8_selfLoop" classname="com.example.graphapp.bridge.FindBridgeTest" time="0.002">
    <system-out><![CDATA[The bridge words from a to a are: a.
]]></system-out>
  </testcase>
  <testcase name="tc1_singleBridge" classname="com.example.graphapp.bridge.FindBridgeTest" time="0.001">
    <system-out><![CDATA[The bridge words from a to c are: b.
]]></system-out>
  </testcase>
  <testcase name="tc2_multipleBridges" classname="com.example.graphapp.bridge.FindBridgeTest" time="0.002">
    <system-out><![CDATA[The bridge words from a to c are: b, d.
]]></system-out>
  </testcase>
  <testcase name="tc6_bothMissing" classname="com.example.graphapp.bridge.FindBridgeTest" time="0.002">
    <system-out><![CDATA[No x or y in the graph!
]]></system-out>
  </testcase>
  <testcase name="tc7_emptyGraph" classname="com.example.graphapp.bridge.FindBridgeTest" time="0.001">
    <system-out><![CDATA[No a or b in the graph!
]]></system-out>
  </testcase>
</testsuite>