<?xml version="1.0" encoding="UTF-8" standalone="yes"?><!DOCTYPE report PUBLIC "-//JACOCO//DTD Report 1.1//EN" "report.dtd"><report name="graphapp"><sessioninfo id="LAPTOP-K550ROTT-e3c39d" start="1748357717660" dump="1748357719585"/><package name="com/example/graphapp/bridge"><class name="com/example/graphapp/bridge/findbridge" sourcefilename="findbridge.java"><method name="&lt;init&gt;" desc="()V" line="9"><counter type="INSTRUCTION" missed="3" covered="0"/><counter type="LINE" missed="1" covered="0"/><counter type="COMPLEXITY" missed="1" covered="0"/><counter type="METHOD" missed="1" covered="0"/></method><method name="findBridgeWords" desc="(Lorg/jgrapht/Graph;Ljava/lang/String;Ljava/lang/String;)Ljava/util/List;" line="11"><counter type="INSTRUCTION" missed="67" covered="0"/><counter type="BRANCH" missed="14" covered="0"/><counter type="LINE" missed="13" covered="0"/><counter type="COMPLEXITY" missed="8" covered="0"/><counter type="METHOD" missed="1" covered="0"/></method><counter type="INSTRUCTION" missed="70" covered="0"/><counter type="BRANCH" missed="14" covered="0"/><counter type="LINE" missed="14" covered="0"/><counter type="COMPLEXITY" missed="9" covered="0"/><counter type="METHOD" missed="2" covered="0"/><counter type="CLASS" missed="1" covered="0"/></class><sourcefile name="findbridge.java"><line nr="9" mi="3" ci="0" mb="0" cb="0"/><line nr="11" mi="4" ci="0" mb="0" cb="0"/><line nr="13" mi="8" ci="0" mb="4" cb="0"/><line nr="15" mi="2" ci="0" mb="0" cb="0"/><line nr="18" mi="12" ci="0" mb="2" cb="0"/><line nr="19" mi="5" ci="0" mb="0" cb="0"/><line nr="20" mi="5" ci="0" mb="2" cb="0"/><line nr="21" mi="4" ci="0" mb="0" cb="0"/><line nr="23" mi="1" ci="0" mb="0" cb="0"/><line nr="25" mi="4" ci="0" mb="2" cb="0"/><line nr="30" mi="8" ci="0" mb="2" cb="0"/><line nr="31" mi="6" ci="0" mb="0" cb="0"/><line nr="32" mi="6" ci="0" mb="2" cb="0"/><line nr="39" mi="2" ci="0" mb="0" cb="0"/><counter type="INSTRUCTION" missed="70" covered="0"/><counter type="BRANCH" missed="14" covered="0"/><counter type="LINE" missed="14" covered="0"/><counter type="COMPLEXITY" missed="9" covered="0"/><counter type="METHOD" missed="2" covered="0"/><counter type="CLASS" missed="1" covered="0"/></sourcefile><counter type="INSTRUCTION" missed="70" covered="0"/><counter type="BRANCH" missed="14" covered="0"/><counter type="LINE" missed="14" covered="0"/><counter type="COMPLEXITY" missed="9" covered="0"/><counter type="METHOD" missed="2" covered="0"/><counter type="CLASS" missed="1" covered="0"/></package><package name="com/example/graphapp/ui"><class name="com/example/graphapp/ui/MainFrame" sourcefilename="MainFrame.java"><method name="&lt;init&gt;" desc="()V" line="42"><counter type="INSTRUCTION" missed="0" covered="366"/><counter type="LINE" missed="0" covered="76"/><counter type="COMPLEXITY" missed="0" covered="1"/><counter type="METHOD" missed="0" covered="1"/></method><method name="computePageRank" desc="()V" line="153"><counter type="INSTRUCTION" missed="45" covered="0"/><counter type="BRANCH" missed="2" covered="0"/><counter type="LINE" missed="10" covered="0"/><counter type="COMPLEXITY" missed="2" covered="0"/><counter type="METHOD" missed="1" covered="0"/></method><method name="chooseLoadAndExport" desc="()V" line="167"><counter type="INSTRUCTION" missed="61" covered="0"/><counter type="BRANCH" missed="4" covered="0"/><counter type="LINE" missed="20" covered="0"/><counter type="COMPLEXITY" missed="3" covered="0"/><counter type="METHOD" missed="1" covered="0"/></method><method name="exportGraphToDotString" desc="()Ljava/lang/String;" line="202"><counter type="INSTRUCTION" missed="30" covered="0"/><counter type="LINE" missed="8" covered="0"/><counter type="COMPLEXITY" missed="1" covered="0"/><counter type="METHOD" missed="1" covered="0"/></method><method name="exportGraphAsImage" desc="(Ljava/io/File;)V" line="238"><counter type="INSTRUCTION" missed="94" covered="0"/><counter type="BRANCH" missed="17" covered="0"/><counter type="LINE" missed="38" covered="0"/><counter type="COMPLEXITY" missed="15" covered="0"/><counter type="METHOD" missed="1" covered="0"/></method><method name="computePaths" desc="()V" line="300"><counter type="INSTRUCTION" missed="62" covered="0"/><counter type="BRANCH" missed="10" covered="0"/><counter type="LINE" missed="14" covered="0"/><counter type="COMPLEXITY" missed="6" covered="0"/><counter type="METHOD" missed="1" covered="0"/></method><method name="displayPath" desc="(Ljava/lang/String;Ljava/lang/String;)V" line="320"><counter type="INSTRUCTION" missed="41" covered="0"/><counter type="BRANCH" missed="4" covered="0"/><counter type="LINE" missed="10" covered="0"/><counter type="COMPLEXITY" missed="3" covered="0"/><counter type="METHOD" missed="1" covered="0"/></method><method name="showBridge" desc="()V" line="335"><counter type="INSTRUCTION" missed="58" covered="0"/><counter type="BRANCH" missed="8" covered="0"/><counter type="LINE" missed="14" covered="0"/><counter type="COMPLEXITY" missed="5" covered="0"/><counter type="METHOD" missed="1" covered="0"/></method><method name="findBridgeWords" desc="(Ljava/lang/String;Ljava/lang/String;)Ljava/util/List;" line="354"><counter type="INSTRUCTION" missed="36" covered="0"/><counter type="BRANCH" missed="4" covered="0"/><counter type="LINE" missed="7" covered="0"/><counter type="COMPLEXITY" missed="3" covered="0"/><counter type="METHOD" missed="1" covered="0"/></method><method name="toggleWalk" desc="()V" line="364"><counter type="INSTRUCTION" missed="16" covered="0"/><counter type="BRANCH" missed="4" covered="0"/><counter type="LINE" missed="4" covered="0"/><counter type="COMPLEXITY" missed="3" covered="0"/><counter type="METHOD" missed="1" covered="0"/></method><method name="startWalk" desc="()V" line="371"><counter type="INSTRUCTION" missed="4" covered="21"/><counter type="BRANCH" missed="1" covered="1"/><counter type="LINE" missed="2" covered="6"/><counter type="COMPLEXITY" missed="1" covered="1"/><counter type="METHOD" missed="0" covered="1"/></method><method name="saveWalk" desc="(Ljava/util/List;)V" line="421"><counter type="INSTRUCTION" missed="0" covered="5"/><counter type="LINE" missed="0" covered="2"/><counter type="COMPLEXITY" missed="0" covered="1"/><counter type="METHOD" missed="0" covered="1"/></method><method name="doInsertBridge" desc="()V" line="436"><counter type="INSTRUCTION" missed="84" covered="0"/><counter type="BRANCH" missed="6" covered="0"/><counter type="LINE" missed="14" covered="0"/><counter type="COMPLEXITY" missed="4" covered="0"/><counter type="METHOD" missed="1" covered="0"/></method><method name="main" desc="([Ljava/lang/String;)V" line="455"><counter type="INSTRUCTION" missed="3" covered="0"/><counter type="LINE" missed="2" covered="0"/><counter type="COMPLEXITY" missed="1" covered="0"/><counter type="METHOD" missed="1" covered="0"/></method><method name="lambda$saveWalk$0" desc="(Ljava/util/List;)V" line="422"><counter type="INSTRUCTION" missed="27" covered="7"/><counter type="BRANCH" missed="2" covered="0"/><counter type="LINE" missed="8" covered="2"/><counter type="COMPLEXITY" missed="1" covered="1"/><counter type="METHOD" missed="0" covered="1"/></method><method name="lambda$displayPath$0" desc="(Lorg/jgrapht/graph/DefaultWeightedEdge;)Ljava/lang/String;" line="326"><counter type="INSTRUCTION" missed="6" covered="0"/><counter type="LINE" missed="1" covered="0"/><counter type="COMPLEXITY" missed="1" covered="0"/><counter type="METHOD" missed="1" covered="0"/></method><method name="lambda$exportGraphToDotString$3" desc="(Ljava/util/function/Function;Lorg/jgrapht/graph/DefaultWeightedEdge;)Ljava/util/Map;" line="224"><counter type="INSTRUCTION" missed="15" covered="0"/><counter type="LINE" missed="3" covered="0"/><counter type="COMPLEXITY" missed="1" covered="0"/><counter type="METHOD" missed="1" covered="0"/></method><method name="lambda$exportGraphToDotString$2" desc="(Ljava/util/function/Function;Ljava/lang/String;)Ljava/util/Map;" line="216"><counter type="INSTRUCTION" missed="17" covered="0"/><counter type="LINE" missed="4" covered="0"/><counter type="COMPLEXITY" missed="1" covered="0"/><counter type="METHOD" missed="1" covered="0"/></method><method name="lambda$exportGraphToDotString$1" desc="(Lorg/jgrapht/graph/DefaultWeightedEdge;)Ljava/lang/String;" line="209"><counter type="INSTRUCTION" missed="7" covered="0"/><counter type="LINE" missed="1" covered="0"/><counter type="COMPLEXITY" missed="1" covered="0"/><counter type="METHOD" missed="1" covered="0"/></method><method name="lambda$exportGraphToDotString$0" desc="(Ljava/lang/String;)Ljava/lang/String;" line="204"><counter type="INSTRUCTION" missed="12" covered="0"/><counter type="BRANCH" missed="2" covered="0"/><counter type="LINE" missed="2" covered="0"/><counter type="COMPLEXITY" missed="2" covered="0"/><counter type="METHOD" missed="1" covered="0"/></method><method name="lambda$computePageRank$1" desc="(Ljava/util/Map$Entry;)V" line="163"><counter type="INSTRUCTION" missed="17" covered="0"/><counter type="LINE" missed="1" covered="0"/><counter type="COMPLEXITY" missed="1" covered="0"/><counter type="METHOD" missed="1" covered="0"/></method><method name="lambda$computePageRank$0" desc="(Ljava/util/Set;Ljava/lang/String;Ljava/lang/Double;)Ljava/lang/Double;" line="161"><counter type="INSTRUCTION" missed="13" covered="0"/><counter type="BRANCH" missed="2" covered="0"/><counter type="LINE" missed="1" covered="0"/><counter type="COMPLEXITY" missed="2" covered="0"/><counter type="METHOD" missed="1" covered="0"/></method><method name="lambda$new$5" desc="(Ljava/awt/event/ActionEvent;)V" line="144"><counter type="INSTRUCTION" missed="3" covered="0"/><counter type="LINE" missed="1" covered="0"/><counter type="COMPLEXITY" missed="1" covered="0"/><counter type="METHOD" missed="1" covered="0"/></method><method name="lambda$new$4" desc="(Ljava/awt/event/ActionEvent;)V" line="143"><counter type="INSTRUCTION" missed="3" covered="0"/><counter type="LINE" missed="1" covered="0"/><counter type="COMPLEXITY" missed="1" covered="0"/><counter type="METHOD" missed="1" covered="0"/></method><method name="lambda$new$3" desc="(Ljava/awt/event/ActionEvent;)V" line="142"><counter type="INSTRUCTION" missed="3" covered="0"/><counter type="LINE" missed="1" covered="0"/><counter type="COMPLEXITY" missed="1" covered="0"/><counter type="METHOD" missed="1" covered="0"/></method><method name="lambda$new$2" desc="(Ljava/awt/event/ActionEvent;)V" line="141"><counter type="INSTRUCTION" missed="3" covered="0"/><counter type="LINE" missed="1" covered="0"/><counter type="COMPLEXITY" missed="1" covered="0"/><counter type="METHOD" missed="1" covered="0"/></method><method name="lambda$new$1" desc="(Ljava/awt/event/ActionEvent;)V" line="134"><counter type="INSTRUCTION" missed="3" covered="0"/><counter type="LINE" missed="1" covered="0"/><counter type="COMPLEXITY" missed="1" covered="0"/><counter type="METHOD" missed="1" covered="0"/></method><method name="lambda$new$0" desc="(Ljava/awt/event/ActionEvent;)V" line="64"><counter type="INSTRUCTION" missed="3" covered="0"/><counter type="LINE" missed="1" covered="0"/><counter type="COMPLEXITY" missed="1" covered="0"/><counter type="METHOD" missed="1" covered="0"/></method><counter type="INSTRUCTION" missed="666" covered="399"/><counter type="BRANCH" missed="66" covered="1"/><counter type="LINE" missed="160" covered="86"/><counter type="COMPLEXITY" missed="63" covered="4"/><counter type="METHOD" missed="24" covered="4"/><counter type="CLASS" missed="0" covered="1"/></class><class name="com/example/graphapp/ui/MainFrame$1" sourcefilename="MainFrame.java"><method name="&lt;init&gt;" desc="(Lcom/example/graphapp/ui/MainFrame;)V" line="377"><counter type="INSTRUCTION" missed="0" covered="6"/><counter type="LINE" missed="0" covered="1"/><counter type="COMPLEXITY" missed="0" covered="1"/><counter type="METHOD" missed="0" covered="1"/></method><method name="doInBackground" desc="()Ljava/lang/Void;" line="380"><counter type="INSTRUCTION" missed="1" covered="98"/><counter type="BRANCH" missed="1" covered="5"/><counter type="LINE" missed="1" covered="21"/><counter type="COMPLEXITY" missed="1" covered="3"/><counter type="METHOD" missed="0" covered="1"/></method><method name="process" desc="(Ljava/util/List;)V" line="406"><counter type="INSTRUCTION" missed="0" covered="18"/><counter type="BRANCH" missed="0" covered="2"/><counter type="LINE" missed="0" covered="3"/><counter type="COMPLEXITY" missed="0" covered="2"/><counter type="METHOD" missed="0" covered="1"/></method><method name="done" desc="()V" line="412"><counter type="INSTRUCTION" missed="3" covered="12"/><counter type="BRANCH" missed="1" covered="1"/><counter type="LINE" missed="1" covered="3"/><counter type="COMPLEXITY" missed="1" covered="1"/><counter type="METHOD" missed="0" covered="1"/></method><counter type="INSTRUCTION" missed="4" covered="134"/><counter type="BRANCH" missed="2" covered="8"/><counter type="LINE" missed="2" covered="28"/><counter type="COMPLEXITY" missed="2" covered="7"/><counter type="METHOD" missed="0" covered="4"/><counter type="CLASS" missed="0" covered="1"/></class><sourcefile name="MainFrame.java"><line nr="42" mi="0" ci="5" mb="0" cb="0"/><line nr="59" mi="0" ci="3" mb="0" cb="0"/><line nr="60" mi="0" ci="7" mb="0" cb="0"/><line nr="63" mi="0" ci="5" mb="0" cb="0"/><line nr="64" mi="3" ci="4" mb="0" cb="0"/><line nr="65" mi="0" ci="4" mb="0" cb="0"/><line nr="68" mi="0" ci="5" mb="0" cb="0"/><line nr="71" mi="0" ci="7" mb="0" cb="0"/><line nr="72" mi="0" ci="4" mb="0" cb="0"/><line nr="73" mi="0" ci="3" mb="0" cb="0"/><line nr="76" mi="0" ci="7" mb="0" cb="0"/><line nr="77" mi="0" ci="4" mb="0" cb="0"/><line nr="78" mi="0" ci="9" mb="0" cb="0"/><line nr="79" mi="0" ci="3" mb="0" cb="0"/><line nr="80" mi="0" ci="3" mb="0" cb="0"/><line nr="81" mi="0" ci="7" mb="0" cb="0"/><line nr="82" mi="0" ci="6" mb="0" cb="0"/><line nr="83" mi="0" ci="3" mb="0" cb="0"/><line nr="84" mi="0" ci="5" mb="0" cb="0"/><line nr="85" mi="0" ci="3" mb="0" cb="0"/><line nr="86" mi="0" ci="7" mb="0" cb="0"/><line nr="87" mi="0" ci="6" mb="0" cb="0"/><line nr="88" mi="0" ci="3" mb="0" cb="0"/><line nr="89" mi="0" ci="5" mb="0" cb="0"/><line nr="90" mi="0" ci="6" mb="0" cb="0"/><line nr="91" mi="0" ci="3" mb="0" cb="0"/><line nr="92" mi="0" ci="5" mb="0" cb="0"/><line nr="94" mi="0" ci="3" mb="0" cb="0"/><line nr="95" mi="0" ci="3" mb="0" cb="0"/><line nr="96" mi="0" ci="7" mb="0" cb="0"/><line nr="97" mi="0" ci="6" mb="0" cb="0"/><line nr="98" mi="0" ci="3" mb="0" cb="0"/><line nr="99" mi="0" ci="5" mb="0" cb="0"/><line nr="100" mi="0" ci="3" mb="0" cb="0"/><line nr="101" mi="0" ci="7" mb="0" cb="0"/><line nr="102" mi="0" ci="6" mb="0" cb="0"/><line nr="103" mi="0" ci="3" mb="0" cb="0"/><line nr="104" mi="0" ci="5" mb="0" cb="0"/><line nr="105" mi="0" ci="6" mb="0" cb="0"/><line nr="106" mi="0" ci="3" mb="0" cb="0"/><line nr="107" mi="0" ci="5" mb="0" cb="0"/><line nr="109" mi="0" ci="3" mb="0" cb="0"/><line nr="110" mi="0" ci="3" mb="0" cb="0"/><line nr="111" mi="0" ci="3" mb="0" cb="0"/><line nr="112" mi="0" ci="6" mb="0" cb="0"/><line nr="113" mi="0" ci="5" mb="0" cb="0"/><line nr="114" mi="0" ci="6" mb="0" cb="0"/><line nr="115" mi="0" ci="5" mb="0" cb="0"/><line nr="116" mi="0" ci="7" mb="0" cb="0"/><line nr="117" mi="0" ci="4" mb="0" cb="0"/><line nr="119" mi="0" ci="9" mb="0" cb="0"/><line nr="120" mi="0" ci="4" mb="0" cb="0"/><line nr="121" mi="0" ci="8" mb="0" cb="0"/><line nr="123" mi="0" ci="3" mb="0" cb="0"/><line nr="124" mi="0" ci="3" mb="0" cb="0"/><line nr="125" mi="0" ci="4" mb="0" cb="0"/><line nr="128" mi="0" ci="9" mb="0" cb="0"/><line nr="129" mi="0" ci="4" mb="0" cb="0"/><line nr="130" mi="0" ci="7" mb="0" cb="0"/><line nr="131" mi="0" ci="7" mb="0" cb="0"/><line nr="132" mi="0" ci="4" mb="0" cb="0"/><line nr="133" mi="0" ci="5" mb="0" cb="0"/><line nr="134" mi="3" ci="4" mb="0" cb="0"/><line nr="135" mi="0" ci="8" mb="0" cb="0"/><line nr="136" mi="0" ci="4" mb="0" cb="0"/><line nr="137" mi="0" ci="8" mb="0" cb="0"/><line nr="138" mi="0" ci="4" mb="0" cb="0"/><line nr="141" mi="3" ci="5" mb="0" cb="0"/><line nr="142" mi="3" ci="5" mb="0" cb="0"/><line nr="143" mi="3" ci="5" mb="0" cb="0"/><line nr="144" mi="3" ci="5" mb="0" cb="0"/><line nr="146" mi="0" ci="3" mb="0" cb="0"/><line nr="147" mi="0" ci="2" mb="0" cb="0"/><line nr="148" mi="0" ci="3" mb="0" cb="0"/><line nr="149" mi="0" ci="3" mb="0" cb="0"/><line nr="150" mi="0" ci="1" mb="0" cb="0"/><line nr="153" mi="4" ci="0" mb="0" cb="0"/><line nr="154" mi="3" ci="0" mb="2" cb="0"/><line nr="155" mi="3" ci="0" mb="0" cb="0"/><line nr="156" mi="1" ci="0" mb="0" cb="0"/><line nr="159" mi="10" ci="0" mb="0" cb="0"/><line nr="160" mi="10" ci="0" mb="0" cb="0"/><line nr="161" mi="17" ci="0" mb="2" cb="0"/><line nr="162" mi="8" ci="0" mb="0" cb="0"/><line nr="163" mi="18" ci="0" mb="0" cb="0"/><line nr="164" mi="1" ci="0" mb="0" cb="0"/><line nr="167" mi="4" ci="0" mb="0" cb="0"/><line nr="168" mi="3" ci="0" mb="0" cb="0"/><line nr="169" mi="4" ci="0" mb="2" cb="0"/><line nr="170" mi="3" ci="0" mb="0" cb="0"/><line nr="172" mi="7" ci="0" mb="0" cb="0"/><line nr="173" mi="1" ci="0" mb="0" cb="0"/><line nr="174" mi="5" ci="0" mb="0" cb="0"/><line nr="175" mi="1" ci="0" mb="0" cb="0"/><line nr="176" mi="1" ci="0" mb="0" cb="0"/><line nr="178" mi="4" ci="0" mb="0" cb="0"/><line nr="179" mi="3" ci="0" mb="0" cb="0"/><line nr="180" mi="4" ci="0" mb="2" cb="0"/><line nr="181" mi="3" ci="0" mb="0" cb="0"/><line nr="183" mi="3" ci="0" mb="0" cb="0"/><line nr="184" mi="5" ci="0" mb="0" cb="0"/><line nr="185" mi="1" ci="0" mb="0" cb="0"/><line nr="186" mi="2" ci="0" mb="0" cb="0"/><line nr="187" mi="5" ci="0" mb="0" cb="0"/><line nr="188" mi="1" ci="0" mb="0" cb="0"/><line nr="191" mi="1" ci="0" mb="0" cb="0"/><line nr="202" mi="2" ci="0" mb="0" cb="0"/><line nr="204" mi="5" ci="0" mb="0" cb="0"/><line nr="206" mi="7" ci="0" mb="2" cb="0"/><line nr="209" mi="10" ci="0" mb="0" cb="0"/><line nr="212" mi="5" ci="0" mb="0" cb="0"/><line nr="215" mi="4" ci="0" mb="0" cb="0"/><line nr="216" mi="4" ci="0" mb="0" cb="0"/><line nr="217" mi="5" ci="0" mb="0" cb="0"/><line nr="218" mi="6" ci="0" mb="0" cb="0"/><line nr="219" mi="2" ci="0" mb="0" cb="0"/><line nr="223" mi="4" ci="0" mb="0" cb="0"/><line nr="224" mi="4" ci="0" mb="0" cb="0"/><line nr="225" mi="9" ci="0" mb="0" cb="0"/><line nr="226" mi="2" ci="0" mb="0" cb="0"/><line nr="229" mi="4" ci="0" mb="0" cb="0"/><line nr="230" mi="5" ci="0" mb="0" cb="0"/><line nr="231" mi="3" ci="0" mb="0" cb="0"/><line nr="238" mi="3" ci="0" mb="0" cb="0"/><line nr="240" mi="3" ci="0" mb="0" cb="0"/><line nr="241" mi="2" ci="0" mb="0" cb="0"/><line nr="242" mi="4" ci="0" mb="0" cb="0"/><line nr="243" mi="8" ci="0" mb="4" cb="0"/><line nr="244" mi="7" ci="0" mb="0" cb="0"/><line nr="248" mi="8" ci="0" mb="13" cb="0"/><line nr="250" mi="2" ci="0" mb="0" cb="0"/><line nr="251" mi="1" ci="0" mb="0" cb="0"/><line nr="253" mi="2" ci="0" mb="0" cb="0"/><line nr="254" mi="1" ci="0" mb="0" cb="0"/><line nr="256" mi="2" ci="0" mb="0" cb="0"/><line nr="257" mi="1" ci="0" mb="0" cb="0"/><line nr="259" mi="2" ci="0" mb="0" cb="0"/><line nr="260" mi="1" ci="0" mb="0" cb="0"/><line nr="262" mi="2" ci="0" mb="0" cb="0"/><line nr="263" mi="1" ci="0" mb="0" cb="0"/><line nr="265" mi="2" ci="0" mb="0" cb="0"/><line nr="266" mi="1" ci="0" mb="0" cb="0"/><line nr="268" mi="2" ci="0" mb="0" cb="0"/><line nr="269" mi="1" ci="0" mb="0" cb="0"/><line nr="271" mi="2" ci="0" mb="0" cb="0"/><line nr="272" mi="1" ci="0" mb="0" cb="0"/><line nr="274" mi="2" ci="0" mb="0" cb="0"/><line nr="275" mi="1" ci="0" mb="0" cb="0"/><line nr="277" mi="2" ci="0" mb="0" cb="0"/><line nr="278" mi="1" ci="0" mb="0" cb="0"/><line nr="280" mi="2" ci="0" mb="0" cb="0"/><line nr="281" mi="1" ci="0" mb="0" cb="0"/><line nr="283" mi="2" ci="0" mb="0" cb="0"/><line nr="284" mi="1" ci="0" mb="0" cb="0"/><line nr="286" mi="6" ci="0" mb="0" cb="0"/><line nr="292" mi="6" ci="0" mb="0" cb="0"/><line nr="293" mi="3" ci="0" mb="0" cb="0"/><line nr="294" mi="3" ci="0" mb="0" cb="0"/><line nr="295" mi="2" ci="0" mb="0" cb="0"/><line nr="296" mi="2" ci="0" mb="0" cb="0"/><line nr="297" mi="1" ci="0" mb="0" cb="0"/><line nr="300" mi="4" ci="0" mb="0" cb="0"/><line nr="301" mi="3" ci="0" mb="2" cb="0"/><line nr="302" mi="3" ci="0" mb="0" cb="0"/><line nr="303" mi="1" ci="0" mb="0" cb="0"/><line nr="305" mi="5" ci="0" mb="0" cb="0"/><line nr="306" mi="5" ci="0" mb="0" cb="0"/><line nr="307" mi="5" ci="0" mb="2" cb="0"/><line nr="308" mi="4" ci="0" mb="0" cb="0"/><line nr="309" mi="1" ci="0" mb="0" cb="0"/><line nr="311" mi="8" ci="0" mb="4" cb="0"/><line nr="312" mi="12" ci="0" mb="2" cb="0"/><line nr="313" mi="6" ci="0" mb="0" cb="0"/><line nr="315" mi="4" ci="0" mb="0" cb="0"/><line nr="317" mi="1" ci="0" mb="0" cb="0"/><line nr="320" mi="8" ci="0" mb="0" cb="0"/><line nr="322" mi="5" ci="0" mb="4" cb="0"/><line nr="323" mi="5" ci="0" mb="0" cb="0"/><line nr="325" mi="4" ci="0" mb="0" cb="0"/><line nr="326" mi="7" ci="0" mb="0" cb="0"/><line nr="327" mi="4" ci="0" mb="0" cb="0"/><line nr="328" mi="4" ci="0" mb="0" cb="0"/><line nr="329" mi="4" ci="0" mb="0" cb="0"/><line nr="331" mi="5" ci="0" mb="0" cb="0"/><line nr="332" mi="1" ci="0" mb="0" cb="0"/><line nr="335" mi="4" ci="0" mb="0" cb="0"/><line nr="336" mi="3" ci="0" mb="2" cb="0"/><line nr="337" mi="3" ci="0" mb="0" cb="0"/><line nr="338" mi="1" ci="0" mb="0" cb="0"/><line nr="340" mi="5" ci="0" mb="0" cb="0"/><line nr="341" mi="5" ci="0" mb="0" cb="0"/><line nr="342" mi="10" ci="0" mb="4" cb="0"/><line nr="343" mi="5" ci="0" mb="0" cb="0"/><line nr="344" mi="1" ci="0" mb="0" cb="0"/><line nr="346" mi="5" ci="0" mb="0" cb="0"/><line nr="347" mi="3" ci="0" mb="2" cb="0"/><line nr="348" mi="5" ci="0" mb="0" cb="0"/><line nr="350" mi="7" ci="0" mb="0" cb="0"/><line nr="351" mi="1" ci="0" mb="0" cb="0"/><line nr="354" mi="4" ci="0" mb="0" cb="0"/><line nr="355" mi="13" ci="0" mb="2" cb="0"/><line nr="356" mi="6" ci="0" mb="0" cb="0"/><line nr="357" mi="6" ci="0" mb="2" cb="0"/><line nr="358" mi="4" ci="0" mb="0" cb="0"/><line nr="359" mi="1" ci="0" mb="0" cb="0"/><line nr="360" mi="2" ci="0" mb="0" cb="0"/><line nr="364" mi="7" ci="0" mb="4" cb="0"/><line nr="365" mi="3" ci="0" mb="0" cb="0"/><line nr="367" mi="5" ci="0" mb="0" cb="0"/><line nr="368" mi="1" ci="0" mb="0" cb="0"/><line nr="371" mi="0" ci="3" mb="1" cb="1"/><line nr="372" mi="3" ci="0" mb="0" cb="0"/><line nr="373" mi="1" ci="0" mb="0" cb="0"/><line nr="375" mi="0" ci="4" mb="0" cb="0"/><line nr="376" mi="0" ci="4" mb="0" cb="0"/><line nr="377" mi="0" ci="12" mb="0" cb="0"/><line nr="380" mi="0" ci="4" mb="0" cb="0"/><line nr="381" mi="0" ci="4" mb="0" cb="0"/><line nr="382" mi="0" ci="4" mb="0" cb="0"/><line nr="383" mi="0" ci="8" mb="0" cb="0"/><line nr="384" mi="0" ci="8" mb="0" cb="0"/><line nr="385" mi="0" ci="8" mb="0" cb="0"/><line nr="386" mi="0" ci="4" mb="0" cb="0"/><line nr="387" mi="0" ci="3" mb="0" cb="2"/><line nr="388" mi="0" ci="6" mb="0" cb="0"/><line nr="389" mi="0" ci="3" mb="0" cb="2"/><line nr="390" mi="0" ci="1" mb="0" cb="0"/><line nr="391" mi="0" ci="5" mb="0" cb="0"/><line nr="392" mi="0" ci="8" mb="0" cb="0"/><line nr="393" mi="0" ci="4" mb="1" cb="1"/><line nr="394" mi="1" ci="0" mb="0" cb="0"/><line nr="395" mi="0" ci="7" mb="0" cb="0"/><line nr="396" mi="0" ci="8" mb="0" cb="0"/><line nr="397" mi="0" ci="4" mb="0" cb="0"/><line nr="398" mi="0" ci="2" mb="0" cb="0"/><line nr="399" mi="0" ci="1" mb="0" cb="0"/><line nr="400" mi="0" ci="4" mb="0" cb="0"/><line nr="401" mi="0" ci="2" mb="0" cb="0"/><line nr="406" mi="0" ci="10" mb="0" cb="2"/><line nr="407" mi="0" ci="7" mb="0" cb="0"/><line nr="408" mi="0" ci="1" mb="0" cb="0"/><line nr="412" mi="0" ci="5" mb="0" cb="0"/><line nr="413" mi="1" ci="2" mb="0" cb="0"/><line nr="414" mi="1" ci="5" mb="1" cb="1"/><line nr="415" mi="1" ci="0" mb="0" cb="0"/><line nr="417" mi="0" ci="3" mb="0" cb="0"/><line nr="418" mi="0" ci="1" mb="0" cb="0"/><line nr="421" mi="0" ci="4" mb="0" cb="0"/><line nr="422" mi="0" ci="4" mb="0" cb="0"/><line nr="423" mi="0" ci="3" mb="0" cb="0"/><line nr="424" mi="4" ci="0" mb="2" cb="0"/><line nr="425" mi="3" ci="0" mb="0" cb="0"/><line nr="426" mi="5" ci="0" mb="0" cb="0"/><line nr="427" mi="7" ci="0" mb="0" cb="0"/><line nr="428" mi="1" ci="0" mb="0" cb="0"/><line nr="429" mi="5" ci="0" mb="0" cb="0"/><line nr="430" mi="1" ci="0" mb="0" cb="0"/><line nr="432" mi="1" ci="0" mb="0" cb="0"/><line nr="433" mi="0" ci="1" mb="0" cb="0"/><line nr="436" mi="3" ci="0" mb="2" cb="0"/><line nr="437" mi="3" ci="0" mb="0" cb="0"/><line nr="438" mi="1" ci="0" mb="0" cb="0"/><line nr="440" mi="6" ci="0" mb="0" cb="0"/><line nr="442" mi="4" ci="0" mb="0" cb="0"/><line nr="443" mi="4" ci="0" mb="0" cb="0"/><line nr="444" mi="10" ci="0" mb="2" cb="0"/><line nr="445" mi="6" ci="0" mb="0" cb="0"/><line nr="446" mi="11" ci="0" mb="0" cb="0"/><line nr="447" mi="10" ci="0" mb="2" cb="0"/><line nr="448" mi="7" ci="0" mb="0" cb="0"/><line nr="449" mi="12" ci="0" mb="0" cb="0"/><line nr="451" mi="6" ci="0" mb="0" cb="0"/><line nr="452" mi="1" ci="0" mb="0" cb="0"/><line nr="455" mi="2" ci="0" mb="0" cb="0"/><line nr="456" mi="1" ci="0" mb="0" cb="0"/><counter type="INSTRUCTION" missed="670" covered="533"/><counter type="BRANCH" missed="68" covered="9"/><counter type="LINE" missed="162" covered="113"/><counter type="COMPLEXITY" missed="65" covered="11"/><counter type="METHOD" missed="24" covered="8"/><counter type="CLASS" missed="0" covered="2"/></sourcefile><counter type="INSTRUCTION" missed="670" covered="533"/><counter type="BRANCH" missed="68" covered="9"/><counter type="LINE" missed="162" covered="113"/><counter type="COMPLEXITY" missed="65" covered="11"/><counter type="METHOD" missed="24" covered="8"/><counter type="CLASS" missed="0" covered="2"/></package><package name="com/example/graphapp/input"><class name="com/example/graphapp/input/GraphBuilder" sourcefilename="GraphBuilder.java"><method name="&lt;init&gt;" desc="()V" line="21"><counter type="INSTRUCTION" missed="3" covered="0"/><counter type="LINE" missed="1" covered="0"/><counter type="COMPLEXITY" missed="1" covered="0"/><counter type="METHOD" missed="1" covered="0"/></method><method name="buildGraph" desc="(Ljava/io/File;)Lorg/jgrapht/Graph;" line="23"><counter type="INSTRUCTION" missed="82" covered="0"/><counter type="BRANCH" missed="6" covered="0"/><counter type="LINE" missed="16" covered="0"/><counter type="COMPLEXITY" missed="4" covered="0"/><counter type="METHOD" missed="1" covered="0"/></method><counter type="INSTRUCTION" missed="85" covered="0"/><counter type="BRANCH" missed="6" covered="0"/><counter type="LINE" missed="17" covered="0"/><counter type="COMPLEXITY" missed="5" covered="0"/><counter type="METHOD" missed="2" covered="0"/><counter type="CLASS" missed="1" covered="0"/></class><sourcefile name="GraphBuilder.java"><line nr="21" mi="3" ci="0" mb="0" cb="0"/><line nr="23" mi="5" ci="0" mb="0" cb="0"/><line nr="24" mi="8" ci="0" mb="0" cb="0"/><line nr="26" mi="5" ci="0" mb="2" cb="0"/><line nr="27" mi="6" ci="0" mb="0" cb="0"/><line nr="28" mi="10" ci="0" mb="2" cb="0"/><line nr="29" mi="4" ci="0" mb="0" cb="0"/><line nr="30" mi="6" ci="0" mb="0" cb="0"/><line nr="31" mi="4" ci="0" mb="0" cb="0"/><line nr="32" mi="4" ci="0" mb="0" cb="0"/><line nr="33" mi="6" ci="0" mb="0" cb="0"/><line nr="34" mi="2" ci="0" mb="2" cb="0"/><line nr="35" mi="6" ci="0" mb="0" cb="0"/><line nr="36" mi="5" ci="0" mb="0" cb="0"/><line nr="38" mi="8" ci="0" mb="0" cb="0"/><line nr="41" mi="1" ci="0" mb="0" cb="0"/><line nr="43" mi="2" ci="0" mb="0" cb="0"/><counter type="INSTRUCTION" missed="85" covered="0"/><counter type="BRANCH" missed="6" covered="0"/><counter type="LINE" missed="17" covered="0"/><counter type="COMPLEXITY" missed="5" covered="0"/><counter type="METHOD" missed="2" covered="0"/><counter type="CLASS" missed="1" covered="0"/></sourcefile><counter type="INSTRUCTION" missed="85" covered="0"/><counter type="BRANCH" missed="6" covered="0"/><counter type="LINE" missed="17" covered="0"/><counter type="COMPLEXITY" missed="5" covered="0"/><counter type="METHOD" missed="2" covered="0"/><counter type="CLASS" missed="1" covered="0"/></package><package name="com/example/graphapp/algo"><class name="com/example/graphapp/algo/ShortestPathFinder" sourcefilename="ShortestPathFinder.java"/><class name="com/example/graphapp/algo/PageRankService" sourcefilename="PageRankService.java"><method name="&lt;init&gt;" desc="()V" line="11"><counter type="INSTRUCTION" missed="3" covered="0"/><counter type="LINE" missed="1" covered="0"/><counter type="COMPLEXITY" missed="1" covered="0"/><counter type="METHOD" missed="1" covered="0"/></method><method name="computePageRank" desc="(Lorg/jgrapht/Graph;DID)Ljava/util/Map;" line="62"><counter type="INSTRUCTION" missed="190" covered="0"/><counter type="BRANCH" missed="20" covered="0"/><counter type="LINE" missed="36" covered="0"/><counter type="COMPLEXITY" missed="11" covered="0"/><counter type="METHOD" missed="1" covered="0"/></method><counter type="INSTRUCTION" missed="193" covered="0"/><counter type="BRANCH" missed="20" covered="0"/><counter type="LINE" missed="37" covered="0"/><counter type="COMPLEXITY" missed="12" covered="0"/><counter type="METHOD" missed="2" covered="0"/><counter type="CLASS" missed="1" covered="0"/></class><class name="com/example/graphapp/algo/DijkstraShortestPathService" sourcefilename="DijkstraShortestPathService.java"><method name="&lt;init&gt;" desc="()V" line="12"><counter type="INSTRUCTION" missed="0" covered="3"/><counter type="LINE" missed="0" covered="1"/><counter type="COMPLEXITY" missed="0" covered="1"/><counter type="METHOD" missed="0" covered="1"/></method><method name="findPath" desc="(Lorg/jgrapht/Graph;Ljava/lang/String;Ljava/lang/String;)Ljava/util/List;" line="17"><counter type="INSTRUCTION" missed="6" covered="0"/><counter type="LINE" missed="2" covered="0"/><counter type="COMPLEXITY" missed="1" covered="0"/><counter type="METHOD" missed="1" covered="0"/></method><counter type="INSTRUCTION" missed="6" covered="3"/><counter type="LINE" missed="2" covered="1"/><counter type="COMPLEXITY" missed="1" covered="1"/><counter type="METHOD" missed="1" covered="1"/><counter type="CLASS" missed="0" covered="1"/></class><sourcefile name="PageRankService.java"><line nr="11" mi="3" ci="0" mb="0" cb="0"/><line nr="62" mi="4" ci="0" mb="0" cb="0"/><line nr="63" mi="2" ci="0" mb="2" cb="0"/><line nr="64" mi="2" ci="0" mb="0" cb="0"/><line nr="66" mi="5" ci="0" mb="0" cb="0"/><line nr="67" mi="4" ci="0" mb="0" cb="0"/><line nr="68" mi="4" ci="0" mb="0" cb="0"/><line nr="69" mi="11" ci="0" mb="2" cb="0"/><line nr="70" mi="6" ci="0" mb="0" cb="0"/><line nr="71" mi="1" ci="0" mb="0" cb="0"/><line nr="72" mi="7" ci="0" mb="2" cb="0"/><line nr="73" mi="2" ci="0" mb="0" cb="0"/><line nr="75" mi="2" ci="0" mb="0" cb="0"/><line nr="76" mi="11" ci="0" mb="2" cb="0"/><line nr="77" mi="4" ci="0" mb="2" cb="0"/><line nr="78" mi="8" ci="0" mb="0" cb="0"/><line nr="80" mi="1" ci="0" mb="0" cb="0"/><line nr="82" mi="11" ci="0" mb="2" cb="0"/><line nr="83" mi="2" ci="0" mb="0" cb="0"/><line nr="85" mi="12" ci="0" mb="2" cb="0"/><line nr="86" mi="5" ci="0" mb="0" cb="0"/><line nr="87" mi="4" ci="0" mb="0" cb="0"/><line nr="88" mi="2" ci="0" mb="0" cb="0"/><line nr="89" mi="12" ci="0" mb="2" cb="0"/><line nr="90" mi="6" ci="0" mb="0" cb="0"/><line nr="91" mi="1" ci="0" mb="0" cb="0"/><line nr="92" mi="4" ci="0" mb="2" cb="0"/><line nr="93" mi="12" ci="0" mb="0" cb="0"/><line nr="95" mi="1" ci="0" mb="0" cb="0"/><line nr="97" mi="16" ci="0" mb="0" cb="0"/><line nr="98" mi="6" ci="0" mb="0" cb="0"/><line nr="99" mi="11" ci="0" mb="0" cb="0"/><line nr="100" mi="1" ci="0" mb="0" cb="0"/><line nr="101" mi="3" ci="0" mb="0" cb="0"/><line nr="102" mi="4" ci="0" mb="2" cb="0"/><line nr="103" mi="1" ci="0" mb="0" cb="0"/><line nr="106" mi="2" ci="0" mb="0" cb="0"/><counter type="INSTRUCTION" missed="193" covered="0"/><counter type="BRANCH" missed="20" covered="0"/><counter type="LINE" missed="37" covered="0"/><counter type="COMPLEXITY" missed="12" covered="0"/><counter type="METHOD" missed="2" covered="0"/><counter type="CLASS" missed="1" covered="0"/></sourcefile><sourcefile name="ShortestPathFinder.java"/><sourcefile name="DijkstraShortestPathService.java"><line nr="12" mi="0" ci="3" mb="0" cb="0"/><line nr="17" mi="5" ci="0" mb="0" cb="0"/><line nr="18" mi="1" ci="0" mb="0" cb="0"/><counter type="INSTRUCTION" missed="6" covered="3"/><counter type="LINE" missed="2" covered="1"/><counter type="COMPLEXITY" missed="1" covered="1"/><counter type="METHOD" missed="1" covered="1"/><counter type="CLASS" missed="0" covered="1"/></sourcefile><counter type="INSTRUCTION" missed="199" covered="3"/><counter type="BRANCH" missed="20" covered="0"/><counter type="LINE" missed="39" covered="1"/><counter type="COMPLEXITY" missed="13" covered="1"/><counter type="METHOD" missed="3" covered="1"/><counter type="CLASS" missed="1" covered="1"/></package><counter type="INSTRUCTION" missed="1024" covered="536"/><counter type="BRANCH" missed="108" covered="9"/><counter type="LINE" missed="232" covered="114"/><counter type="COMPLEXITY" missed="92" covered="12"/><counter type="METHOD" missed="31" covered="9"/><counter type="CLASS" missed="3" covered="3"/></report>